GET https://dotnet.microsoft.com/download/dotnet/scripts/v1/dotnet-install.ps1
Attempting to install dotnet from public location.
dotnet-install: Note that the intended use of this script is for Continuous Integration (CI) scenarios, where:
dotnet-install: - The SDK needs to be installed without user interaction and without admin rights.
dotnet-install: - The SDK installation doesn't need to persist across multiple CI runs.
dotnet-install: To set up a development environment or to run apps, use installers rather than this script. Visit https://dotnet.microsoft.com/download to get the installer.

dotnet-install: Extracting the archive.
dotnet-install: Adding to current process PATH: "C:\Work\Core\CurrentWork3\runtime\.dotnet\". Note: This change will not be visible if PowerShell was run as a child process.
dotnet-install: Note that the script does not resolve dependencies during installation.
dotnet-install: To check the list of dependencies, go to https://docs.microsoft.com/dotnet/core/install/windows#dependencies
dotnet-install: Installed version is 7.0.100-rc.1.22431.12
dotnet-install: Installation finished
  Determining projects to restore...
  Tool 'coverlet.console' (version '3.1.2') was restored. Available commands: coverlet
  Tool 'dotnet-reportgenerator-globaltool' (version '5.0.2') was restored. Available commands: reportgenerator
  Tool 'microsoft.dotnet.xharness.cli' (version '1.0.0-prerelease.22524.1') was restored. Available commands: xharness
  Tool 'microsoft.visualstudio.slngen.tool' (version '8.5.17') was restored. Available commands: slngen
  Tool 'dotnet-format' (version '6.0.240501') was restored. Available commands: dotnet-format
  
  Restore was successful.
  Restored C:\Users\lakshanf\.nuget\packages\microsoft.dotnet.arcade.sdk\8.0.0-beta.22524.5\tools\Tools.proj (in 332 ms).
  Determining projects to restore...
  Restored C:\Work\Core\CurrentWork3\runtime\src\coreclr\nativeaot\System.Private.Reflection.Execution\src\System.Private.Reflection.Execution.csproj (in 177 ms).
  Restored C:\Work\Core\CurrentWork3\runtime\src\coreclr\tools\aot\ILCompiler.DependencyAnalysisFramework\ILCompiler.DependencyAnalysisFramework.csproj (in 177 ms).
  Restored C:\Work\Core\CurrentWork3\runtime\src\coreclr\runtime.proj (in 177 ms).
  Restored C:\Work\Core\CurrentWork3\runtime\src\coreclr\tools\SuperFileCheck\SuperFileCheck.csproj (in 177 ms).
  Restored C:\Work\Core\CurrentWork3\runtime\src\coreclr\tools\runincontext\runincontext.csproj (in 177 ms).
  Restored C:\Work\Core\CurrentWork3\runtime\src\libraries\System.Private.CoreLib\ref\System.Private.CoreLib.csproj (in 177 ms).
  Restored C:\Work\Core\CurrentWork3\runtime\src\tasks\tasks.proj (in 177 ms).
  Restored C:\Work\Core\CurrentWork3\runtime\Build.proj (in 177 ms).
  Restored C:\Work\Core\CurrentWork3\runtime\src\coreclr\nativeaot\System.Private.CoreLib\src\System.Private.CoreLib.csproj (in 177 ms).
  Restored C:\Work\Core\CurrentWork3\runtime\src\coreclr\nativeaot\System.Private.DisabledReflection\src\System.Private.DisabledReflection.csproj (in 177 ms).
  Restored C:\Work\Core\CurrentWork3\runtime\src\coreclr\tools\tieringtest\tieringtest.csproj (in 2 ms).
  Restored C:\Work\Core\CurrentWork3\runtime\src\coreclr\runtime-prereqs.proj (in 3 ms).
  Restored C:\Work\Core\CurrentWork3\runtime\src\coreclr\nativeaot\System.Private.TypeLoader\src\System.Private.TypeLoader.csproj (in 2 ms).
  Restored C:\Work\Core\CurrentWork3\runtime\src\coreclr\nativeaot\System.Private.StackTraceMetadata\src\System.Private.StackTraceMetadata.csproj (in 3 ms).
  Restored C:\Work\Core\CurrentWork3\runtime\src\coreclr\nativeaot\Test.CoreLib\src\Test.CoreLib.csproj (in 7 ms).
  Restored C:\Work\Core\CurrentWork3\runtime\src\coreclr\tools\aot\ILCompiler\repro\repro.csproj (in 12 ms).
  Restored C:\Work\Core\CurrentWork3\runtime\src\libraries\System.Private.CoreLib\gen\System.Private.CoreLib.Generators.csproj (in 28 ms).
  Restored C:\Work\Core\CurrentWork3\runtime\src\coreclr\tools\r2rdump\R2RDump.csproj (in 42 ms).
  Restored C:\Work\Core\CurrentWork3\runtime\src\tasks\TestExclusionListTasks\TestExclusionListTasks.csproj (in 86 ms).
  Restored C:\Work\Core\CurrentWork3\runtime\src\tasks\AppleAppBuilder\AppleAppBuilder.csproj (in 299 ms).
  Restored C:\Work\Core\CurrentWork3\runtime\src\tasks\AotCompilerTask\MonoAOTCompiler.csproj (in 299 ms).
  Restored C:\Work\Core\CurrentWork3\runtime\src\tasks\WasmBuildTasks\WasmBuildTasks.csproj (in 299 ms).
  Restored C:\Work\Core\CurrentWork3\runtime\src\tasks\WorkloadBuildTasks\WorkloadBuildTasks.csproj (in 299 ms).
  Restored C:\Work\Core\CurrentWork3\runtime\src\tasks\WasmAppBuilder\WasmAppBuilder.csproj (in 299 ms).
  Restored C:\Work\Core\CurrentWork3\runtime\src\tasks\installer.tasks\installer.tasks.csproj (in 69 ms).
  Restored C:\Work\Core\CurrentWork3\runtime\src\tasks\Crossgen2Tasks\Crossgen2Tasks.csproj (in 47 ms).
  Restored C:\Work\Core\CurrentWork3\runtime\src\libraries\System.Runtime.InteropServices\gen\LibraryImportGenerator\LibraryImportGenerator.csproj (in 53 ms).
  Restored C:\Work\Core\CurrentWork3\runtime\src\tasks\AndroidAppBuilder\AndroidAppBuilder.csproj (in 6 ms).
  Restored C:\Work\Core\CurrentWork3\runtime\src\coreclr\tools\r2rtest\R2RTest.csproj (in 117 ms).
  Restored C:\Work\Core\CurrentWork3\runtime\src\coreclr\tools\aot\ILCompiler.Reflection.ReadyToRun\ILCompiler.Reflection.ReadyToRun.csproj (in 21 ms).
  Restored C:\Work\Core\CurrentWork3\runtime\src\coreclr\tools\aot\ILCompiler\ILCompiler.csproj (in 19 ms).
  Restored C:\Work\Core\CurrentWork3\runtime\src\libraries\System.Runtime.InteropServices\gen\Microsoft.Interop.SourceGeneration\Microsoft.Interop.SourceGeneration.csproj (in 20 ms).
  Restored C:\Work\Core\CurrentWork3\runtime\src\coreclr\tools\aot\ILCompiler.Diagnostics\ILCompiler.Diagnostics.csproj (in 385 ms).
  Restored C:\Work\Core\CurrentWork3\runtime\src\coreclr\tools\aot\ILCompiler.TypeSystem\ILCompiler.TypeSystem.csproj (in 68 ms).
  Restored C:\Work\Core\CurrentWork3\runtime\src\coreclr\tools\aot\ILCompiler.MetadataTransform\ILCompiler.MetadataTransform.csproj (in 156 ms).
  Restored C:\Work\Core\CurrentWork3\runtime\src\coreclr\tools\aot\ILCompiler.ReadyToRun\ILCompiler.ReadyToRun.csproj (in 157 ms).
  Restored C:\Work\Core\CurrentWork3\runtime\src\coreclr\tools\aot\ILCompiler.Compiler\ILCompiler.Compiler.csproj (in 173 ms).
  Restored C:\Work\Core\CurrentWork3\runtime\src\coreclr\tools\aot\ILCompiler.RyuJit\ILCompiler.RyuJit.csproj (in 118 ms).
  Restored C:\Work\Core\CurrentWork3\runtime\src\coreclr\tools\aot\ILCompiler.Build.Tasks\ILCompiler.Build.Tasks.csproj (in 396 ms).
  Restored C:\Work\Core\CurrentWork3\runtime\src\coreclr\tools\dotnet-pgo\dotnet-pgo.csproj (in 419 ms).
  Restored C:\Work\Core\CurrentWork3\runtime\src\coreclr\tools\aot\crossgen2\crossgen2.csproj (in 973 ms).
  Restored C:\Work\Core\CurrentWork3\runtime\src\tasks\MonoTargetsTasks\ILStrip\AssemblyStripper\AssemblyStripper.csproj (in 2.05 sec).
  Restored C:\Work\Core\CurrentWork3\runtime\src\tasks\MonoTargetsTasks\MonoTargetsTasks.csproj (in 2.07 sec).
  AssemblyStripper -> C:\Work\Core\CurrentWork3\runtime\artifacts\bin\AssemblyStripper\Debug\net472\AssemblyStripper.dll
  installer.tasks -> C:\Work\Core\CurrentWork3\runtime\artifacts\bin\installer.tasks\Debug\net472\installer.tasks.dll
  installer.tasks -> C:\Work\Core\CurrentWork3\runtime\artifacts\bin\installer.tasks\Debug\net7.0\installer.tasks.dll
  AssemblyStripper -> C:\Work\Core\CurrentWork3\runtime\artifacts\bin\AssemblyStripper\Debug\net7.0\AssemblyStripper.dll
  MonoAOTCompiler -> C:\Work\Core\CurrentWork3\runtime\artifacts\bin\MonoAOTCompiler\Debug\net7.0\MonoAOTCompiler.dll
  WorkloadBuildTasks -> C:\Work\Core\CurrentWork3\runtime\artifacts\bin\WorkloadBuildTasks\Debug\net7.0\WorkloadBuildTasks.dll
  MonoAOTCompiler -> C:\Work\Core\CurrentWork3\runtime\artifacts\bin\MonoAOTCompiler\Debug\net472\MonoAOTCompiler.dll
  WasmBuildTasks -> C:\Work\Core\CurrentWork3\runtime\artifacts\bin\WasmBuildTasks\Debug\net7.0\WasmBuildTasks.dll
  AndroidAppBuilder -> C:\Work\Core\CurrentWork3\runtime\artifacts\bin\AndroidAppBuilder\Debug\net7.0\AndroidAppBuilder.dll
  WasmAppBuilder -> C:\Work\Core\CurrentWork3\runtime\artifacts\bin\WasmAppBuilder\Debug\net7.0\WasmAppBuilder.dll
  MonoTargetsTasks -> C:\Work\Core\CurrentWork3\runtime\artifacts\bin\MonoTargetsTasks\Debug\net472\MonoTargetsTasks.dll
  WasmBuildTasks -> C:\Work\Core\CurrentWork3\runtime\artifacts\bin\WasmBuildTasks\Debug\net7.0\publish\
  AppleAppBuilder -> C:\Work\Core\CurrentWork3\runtime\artifacts\bin\AppleAppBuilder\Debug\net7.0\AppleAppBuilder.dll
  AndroidAppBuilder -> C:\Work\Core\CurrentWork3\runtime\artifacts\bin\AndroidAppBuilder\Debug\net7.0\publish\
  WasmAppBuilder -> C:\Work\Core\CurrentWork3\runtime\artifacts\bin\WasmAppBuilder\Debug\net472\WasmAppBuilder.dll
  Crossgen2Tasks -> C:\Work\Core\CurrentWork3\runtime\artifacts\bin\Crossgen2Tasks\Debug\net7.0\Crossgen2Tasks.dll
  MonoTargetsTasks -> C:\Work\Core\CurrentWork3\runtime\artifacts\bin\MonoTargetsTasks\Debug\net7.0\MonoTargetsTasks.dll
  TestExclusionListTasks -> C:\Work\Core\CurrentWork3\runtime\artifacts\bin\TestExclusionListTasks\Debug\net7.0\TestExclusionListTasks.dll
  Executing "C:\Work\Core\CurrentWork3\runtime\src\coreclr\build-runtime.cmd" -x64 -release -os windows -pgodatapath "C:\Users\lakshanf\.nuget\packages\optimization.windows_nt-x64.pgo.coreclr\1.0.0-prerelease.22511.6" -component alljits -component nativeaot
  BUILD: Starting Build at 11:58:42.55
  BUILD: Commencing CoreCLR product build
  BUILD: Checking prerequisites
  BUILD: Using CMake from C:\Program Files\CMake\bin\cmake.exe
  BUILD: Number of processor cores 10
  BUILD: Commencing build of native components for windows.x64.Release
  BUILD: Using environment: "C:\Program Files\Microsoft Visual Studio\2022\Preview\VC\Auxiliary\Build\vcvarsall.bat" amd64
  **********************************************************************
  ** Visual Studio 2022 Developer Command Prompt v17.4.0-pre.1.0
  ** Copyright (c) 2022 Microsoft Corporation
  **********************************************************************
  [vcvarsall.bat] Environment initialized for: 'x64'
  BUILD: Regenerating the Visual Studio solution
  Calling "C:\Work\Core\CurrentWork3\runtime\src\coreclr\..\..\eng\native\gen-buildsys.cmd" "C:\Work\Core\CurrentWork3\runtime\src\coreclr" "C:\Work\Core\CurrentWork3\runtime\src\coreclr\..\..\artifacts\obj\coreclr\windows.x64.Release" vs2022 x64 "-DCMAKE_BUILD_TYPE=Release" "-DCLR_CMAKE_TARGET_ARCH=x64" "-DCLR_CMAKE_TARGET_OS=windows" "-DCLR_CMAKE_PGO_INSTRUMENT=0" "-DCLR_CMAKE_OPTDATA_PATH="C:\Users\lakshanf\.nuget\packages\optimization.windows_nt-x64.pgo.coreclr\1.0.0-prerelease.22511.6"" "-DCLR_CMAKE_PGO_OPTIMIZE=1" 
  Not searching for unused variables given on the command line.
  -- The C compiler identification is MSVC 19.34.31721.0
  -- The CXX compiler identification is MSVC 19.34.31721.0
  -- Detecting C compiler ABI info
  -- Detecting C compiler ABI info - done
  -- Check for working C compiler: C:/Program Files/Microsoft Visual Studio/2022/Preview/VC/Tools/MSVC/14.34.31721/bin/Hostx64/x64/cl.exe - skipped
  -- Detecting C compile features
  -- Detecting C compile features - done
  -- Detecting CXX compiler ABI info
  -- Detecting CXX compiler ABI info - done
  -- Check for working CXX compiler: C:/Program Files/Microsoft Visual Studio/2022/Preview/VC/Tools/MSVC/14.34.31721/bin/Hostx64/x64/cl.exe - skipped
  -- Detecting CXX compile features
  -- Detecting CXX compile features - done
  -- The ASM_MASM compiler identification is MSVC
  -- Found assembler: C:/Program Files/Microsoft Visual Studio/2022/Preview/VC/Tools/MSVC/14.34.31721/bin/Hostx64/x64/ml64.exe
  -- Performing Test HAVE_DIRENT_D_TYPE
  -- Performing Test HAVE_DIRENT_D_TYPE - Failed
  -- Looking for getauxval
  -- Looking for getauxval - not found
  -- Looking for include file GSS/GSS.h
  -- Looking for include file GSS/GSS.h - not found
  -- Looking for accept4
  -- Looking for accept4 - not found
  Embedding natvis C:/Work/Core/CurrentWork3/runtime/src/coreclr/utilcode/utilcode.natvis
  Embedding natvis C:/Work/Core/CurrentWork3/runtime/src/coreclr/utilcode/utilcode.natvis
  Embedding natvis C:/Work/Core/CurrentWork3/runtime/src/coreclr/utilcode/utilcode.natvis
  Embedding natvis C:/Work/Core/CurrentWork3/runtime/src/coreclr/jit/clrjit.natvis
  Embedding natvis C:/Work/Core/CurrentWork3/runtime/src/coreclr/jit/clrjit.natvis
  Embedding natvis C:/Work/Core/CurrentWork3/runtime/src/coreclr/jit/clrjit.natvis
  Embedding natvis C:/Work/Core/CurrentWork3/runtime/src/coreclr/jit/clrjit.natvis
  Embedding natvis C:/Work/Core/CurrentWork3/runtime/src/coreclr/jit/clrjit.natvis
  Embedding natvis C:/Work/Core/CurrentWork3/runtime/src/coreclr/jit/clrjit.natvis
  Embedding natvis C:/Work/Core/CurrentWork3/runtime/src/coreclr/vm/vm.natvis
  Embedding natvis C:/Work/Core/CurrentWork3/runtime/src/coreclr/vm/vm.natvis
  -- Found PythonInterp: C:/Users/lakshanf/AppData/Local/Programs/Python/Python310/python.exe (found version "3.10.2") 
  Read file version from native version header at 'C:/Work/Core/CurrentWork3/runtime/artifacts/obj/_version.h'.
  -- Configuring done
  -- Generating done
  -- Build files have been written to: C:/Work/Core/CurrentWork3/runtime/artifacts/obj/coreclr/windows.x64.Release
  running "C:\Program Files\CMake\bin\cmake.exe" --build C:\Work\Core\CurrentWork3\runtime\src\coreclr\..\..\artifacts\obj\coreclr\windows.x64.Release --target  alljits nativeaot --config Release -- 
  [1/1057] Building CXX object libs-native\System.Globalization.Native\CMakeFiles\System.Globalization.Native.Aot.dir\entrypoints.c.obj
  cl : Command line warning D9025 : overriding '/guard:ehcont' with '/guard:cf-'
  cl : Command line warning D9025 : overriding '/GL' with '/GL-'
  [2/1057] Building CXX object libs-native\System.Globalization.Native\CMakeFiles\System.Globalization.Native.Aot.GuardCF.dir\pal_casing.c.obj
  cl : Command line warning D9025 : overriding '/GL' with '/GL-'
  [3/1057] Building CXX object libs-native\System.Globalization.Native\CMakeFiles\System.Globalization.Native.Aot.GuardCF.dir\pal_idna.c.obj
  cl : Command line warning D9025 : overriding '/GL' with '/GL-'
  [4/1057] Building CXX object libs-native\System.Globalization.Native\CMakeFiles\System.Globalization.Native.Aot.dir\pal_casing.c.obj
  cl : Command line warning D9025 : overriding '/guard:ehcont' with '/guard:cf-'
  cl : Command line warning D9025 : overriding '/GL' with '/GL-'
  [5/1057] Building CXX object libs-native\System.Globalization.Native\CMakeFiles\System.Globalization.Native.Aot.dir\pal_timeZoneInfo.c.obj
  cl : Command line warning D9025 : overriding '/guard:ehcont' with '/guard:cf-'
  cl : Command line warning D9025 : overriding '/GL' with '/GL-'
  [6/1057] Building CXX object libs-native\System.Globalization.Native\CMakeFiles\System.Globalization.Native.Aot.dir\pal_normalization.c.obj
  cl : Command line warning D9025 : overriding '/guard:ehcont' with '/guard:cf-'
  cl : Command line warning D9025 : overriding '/GL' with '/GL-'
  [7/1057] Building CXX object libs-native\System.Globalization.Native\CMakeFiles\System.Globalization.Native.Aot.dir\pal_idna.c.obj
  cl : Command line warning D9025 : overriding '/guard:ehcont' with '/guard:cf-'
  cl : Command line warning D9025 : overriding '/GL' with '/GL-'
  [8/1057] Building CXX object libs-native\System.Globalization.Native\CMakeFiles\System.Globalization.Native.Aot.dir\pal_calendarData.c.obj
  cl : Command line warning D9025 : overriding '/guard:ehcont' with '/guard:cf-'
  cl : Command line warning D9025 : overriding '/GL' with '/GL-'
  [9/1057] Building CXX object libs-native\System.Globalization.Native\CMakeFiles\System.Globalization.Native.Aot.GuardCF.dir\pal_normalization.c.obj
  cl : Command line warning D9025 : overriding '/GL' with '/GL-'
  [10/1057] Building CXX object libs-native\System.Globalization.Native\CMakeFiles\System.Globalization.Native.Aot.GuardCF.dir\pal_locale.c.obj
  cl : Command line warning D9025 : overriding '/GL' with '/GL-'
  [11/1057] Building CXX object libs-native\System.Globalization.Native\CMakeFiles\System.Globalization.Native.Aot.GuardCF.dir\pal_localeStringData.c.obj
  cl : Command line warning D9025 : overriding '/GL' with '/GL-'
  [12/1057] Building CXX object libs-native\System.Globalization.Native\CMakeFiles\System.Globalization.Native.Aot.GuardCF.dir\entrypoints.c.obj
  cl : Command line warning D9025 : overriding '/GL' with '/GL-'
  [13/1057] Building CXX object libs-native\System.Globalization.Native\CMakeFiles\System.Globalization.Native.Aot.GuardCF.dir\pal_calendarData.c.obj
  cl : Command line warning D9025 : overriding '/GL' with '/GL-'
  [14/1057] Building CXX object libs-native\System.Globalization.Native\CMakeFiles\System.Globalization.Native.Aot.dir\pal_locale.c.obj
  cl : Command line warning D9025 : overriding '/guard:ehcont' with '/guard:cf-'
  cl : Command line warning D9025 : overriding '/GL' with '/GL-'
  [15/1057] Building CXX object libs-native\System.Globalization.Native\CMakeFiles\System.Globalization.Native.Aot.GuardCF.dir\pal_localeNumberData.c.obj
  cl : Command line warning D9025 : overriding '/GL' with '/GL-'
  [16/1057] Generating AsmOffsets.inc
  Microsoft (R) C/C++ Optimizing Compiler Version 19.34.31721 for x64
  Copyright (C) Microsoft Corporation.  All rights reserved.
  
  AsmOffsets.cpp
  [17/1057] Building CXX object libs-native\System.Globalization.Native\CMakeFiles\System.Globalization.Native.Aot.dir\pal_localeNumberData.c.obj
  cl : Command line warning D9025 : overriding '/guard:ehcont' with '/guard:cf-'
  cl : Command line warning D9025 : overriding '/GL' with '/GL-'
  [18/1057] Building CXX object libs-native\System.Globalization.Native\CMakeFiles\System.Globalization.Native.Aot.GuardCF.dir\pal_timeZoneInfo.c.obj
  cl : Command line warning D9025 : overriding '/GL' with '/GL-'
  [19/1057] Building CXX object libs-native\System.Globalization.Native\CMakeFiles\System.Globalization.Native.Aot.dir\pal_localeStringData.c.obj
  cl : Command line warning D9025 : overriding '/guard:ehcont' with '/guard:cf-'
  cl : Command line warning D9025 : overriding '/GL' with '/GL-'
  [20/1057] Building C object libs-native\System.IO.Compression.Native\CMakeFiles\System.IO.Compression.Native.Aot.dir\C_\Work\Core\CurrentWork3\runtime\src\native\external\zlib-intel\compress.c.obj
  cl : Command line warning D9025 : overriding '/guard:ehcont' with '/guard:cf-'
  cl : Command line warning D9025 : overriding '/GL' with '/GL-'
  [21/1057] Building C object libs-native\System.IO.Compression.Native\CMakeFiles\System.IO.Compression.Native.Aot.dir\C_\Work\Core\CurrentWork3\runtime\src\native\external\zlib-intel\adler32.c.obj
  cl : Command line warning D9025 : overriding '/guard:ehcont' with '/guard:cf-'
  cl : Command line warning D9025 : overriding '/GL' with '/GL-'
  [22/1057] Building C object libs-native\System.IO.Compression.Native\CMakeFiles\System.IO.Compression.Native.Aot.dir\C_\Work\Core\CurrentWork3\runtime\src\native\external\brotli\dec\state.c.obj
  cl : Command line warning D9025 : overriding '/guard:ehcont' with '/guard:cf-'
  cl : Command line warning D9025 : overriding '/GL' with '/GL-'
  [23/1057] Building C object libs-native\System.IO.Compression.Native\CMakeFiles\System.IO.Compression.Native.Aot.dir\C_\Work\Core\CurrentWork3\runtime\src\native\external\zlib-intel\crc32.c.obj
  cl : Command line warning D9025 : overriding '/guard:ehcont' with '/guard:cf-'
  cl : Command line warning D9025 : overriding '/GL' with '/GL-'
  [24/1057] Building C object libs-native\System.IO.Compression.Native\CMakeFiles\System.IO.Compression.Native.Aot.dir\C_\Work\Core\CurrentWork3\runtime\src\native\external\brotli\dec\huffman.c.obj
  cl : Command line warning D9025 : overriding '/guard:ehcont' with '/guard:cf-'
  cl : Command line warning D9025 : overriding '/GL' with '/GL-'
  [25/1057] Building C object libs-native\System.IO.Compression.Native\CMakeFiles\System.IO.Compression.Native.Aot.dir\b8483f6cb1e1e9a119f0ab60fe06acac\native\external\zlib-intel\crc_folding.c.obj
  cl : Command line warning D9025 : overriding '/guard:ehcont' with '/guard:cf-'
  cl : Command line warning D9025 : overriding '/GL' with '/GL-'
  [26/1057] Building C object libs-native\System.IO.Compression.Native\CMakeFiles\System.IO.Compression.Native.Aot.dir\C_\Work\Core\CurrentWork3\runtime\src\native\external\zlib-intel\inffast.c.obj
  cl : Command line warning D9025 : overriding '/guard:ehcont' with '/guard:cf-'
  cl : Command line warning D9025 : overriding '/GL' with '/GL-'
  [27/1057] cmd.exe /C "cd /D C:\Work\Core\CurrentWork3\runtime\artifacts\obj\coreclr\windows.x64.Release && "C:\Program Files\CMake\bin\cmake.exe" -DCMAKE_INSTALL_COMPONENT=coreclr_misc -DBUILD_TYPE=Release -P C:/Work/Core/CurrentWork3/runtime/artifacts/obj/coreclr/windows.x64.Release/cmake_install.cmake"
  -- Install configuration: "Release"
  -- Installing: C:/Work/Core/CurrentWork3/runtime/artifacts/bin/coreclr/windows.x64.Release/inc/corerror.h
  -- Installing: C:/Work/Core/CurrentWork3/runtime/artifacts/bin/coreclr/windows.x64.Release/inc/corprof.h
  -- Installing: C:/Work/Core/CurrentWork3/runtime/artifacts/bin/coreclr/windows.x64.Release/inc/cfi.h
  -- Installing: C:/Work/Core/CurrentWork3/runtime/artifacts/bin/coreclr/windows.x64.Release/inc/cor.h
  -- Installing: C:/Work/Core/CurrentWork3/runtime/artifacts/bin/coreclr/windows.x64.Release/inc/cordebuginfo.h
  -- Installing: C:/Work/Core/CurrentWork3/runtime/artifacts/bin/coreclr/windows.x64.Release/inc/coredistools.h
  -- Installing: C:/Work/Core/CurrentWork3/runtime/artifacts/bin/coreclr/windows.x64.Release/inc/corhdr.h
  -- Installing: C:/Work/Core/CurrentWork3/runtime/artifacts/bin/coreclr/windows.x64.Release/inc/corinfo.h
  -- Installing: C:/Work/Core/CurrentWork3/runtime/artifacts/bin/coreclr/windows.x64.Release/inc/corjit.h
  -- Installing: C:/Work/Core/CurrentWork3/runtime/artifacts/bin/coreclr/windows.x64.Release/inc/corjithost.h
  -- Installing: C:/Work/Core/CurrentWork3/runtime/artifacts/bin/coreclr/windows.x64.Release/inc/opcode.def
  -- Installing: C:/Work/Core/CurrentWork3/runtime/artifacts/bin/coreclr/windows.x64.Release/inc/openum.h
  -- Installing: C:/Work/Core/CurrentWork3/runtime/artifacts/bin/coreclr/windows.x64.Release/inc/gcinfoencoder.h
  -- Installing: C:/Work/Core/CurrentWork3/runtime/artifacts/bin/coreclr/windows.x64.Release/inc/gcinfotypes.h
  -- Installing: C:/Work/Core/CurrentWork3/runtime/artifacts/bin/coreclr/windows.x64.Release/gcinfo/gcinfoencoder.cpp
  -- Installing: C:/Work/Core/CurrentWork3/runtime/artifacts/bin/coreclr/windows.x64.Release/./SOS_README.md
  [28/1057] Building C object libs-native\System.IO.Compression.Native\CMakeFiles\System.IO.Compression.Native.Aot.dir\b8483f6cb1e1e9a119f0ab60fe06acac\native\external\zlib-intel\deflate_medium.c.obj
  cl : Command line warning D9025 : overriding '/guard:ehcont' with '/guard:cf-'
  cl : Command line warning D9025 : overriding '/GL' with '/GL-'
  [29/1057] Building C object libs-native\System.IO.Compression.Native\CMakeFiles\System.IO.Compression.Native.Aot.dir\C_\Work\Core\CurrentWork3\runtime\src\native\external\brotli\enc\bit_cost.c.obj
  cl : Command line warning D9025 : overriding '/guard:ehcont' with '/guard:cf-'
  cl : Command line warning D9025 : overriding '/GL' with '/GL-'
  [30/1057] Building CXX object nativeaot\Runtime\Full\CMakeFiles\Runtime.WorkstationGC.dir\C_\Work\Core\CurrentWork3\runtime\src\native\eventpipe\ep-stream.c.obj
  cl : Command line warning D9025 : overriding '/EHa' with '/EHa-'
  cl : Command line warning D9025 : overriding '/GL' with '/GL-'
  [31/1057] Building C object libs-native\System.IO.Compression.Native\CMakeFiles\System.IO.Compression.Native.Aot.dir\C_\Work\Core\CurrentWork3\runtime\src\native\external\zlib-intel\inflate.c.obj
  cl : Command line warning D9025 : overriding '/guard:ehcont' with '/guard:cf-'
  cl : Command line warning D9025 : overriding '/GL' with '/GL-'
  [32/1057] Building CXX object nativeaot\Runtime\Full\CMakeFiles\Runtime.WorkstationGC.dir\C_\Work\Core\CurrentWork3\runtime\src\native\eventpipe\ep-stack-contents.c.obj
  cl : Command line warning D9025 : overriding '/EHa' with '/EHa-'
  cl : Command line warning D9025 : overriding '/GL' with '/GL-'
  [33/1057] Building CXX object nativeaot\Runtime\Full\CMakeFiles\Runtime.WorkstationGC.dir\C_\Work\Core\CurrentWork3\runtime\src\native\eventpipe\ds-server.c.obj
  cl : Command line warning D9025 : overriding '/EHa' with '/EHa-'
  cl : Command line warning D9025 : overriding '/GL' with '/GL-'
  [34/1057] Building CXX object nativeaot\Runtime\Full\CMakeFiles\Runtime.WorkstationGC.dir\C_\Work\Core\CurrentWork3\runtime\src\native\eventpipe\ep-thread.c.obj
  cl : Command line warning D9025 : overriding '/EHa' with '/EHa-'
  cl : Command line warning D9025 : overriding '/GL' with '/GL-'
  [35/1057] Building C object libs-native\System.IO.Compression.Native\CMakeFiles\System.IO.Compression.Native.Aot.dir\25b3501e2550bb70b35ba5e4f4323321\brotli\enc\backward_references_hq.c.obj
  cl : Command line warning D9025 : overriding '/guard:ehcont' with '/guard:cf-'
  cl : Command line warning D9025 : overriding '/GL' with '/GL-'
  [36/1057] Building CXX object nativeaot\Runtime\Full\CMakeFiles\Runtime.WorkstationGC.dir\C_\Work\Core\CurrentWork3\runtime\src\native\eventpipe\ds-ipc.c.obj
  cl : Command line warning D9025 : overriding '/EHa' with '/EHa-'
  cl : Command line warning D9025 : overriding '/GL' with '/GL-'
  [37/1057] Building CXX object nativeaot\Runtime\Full\CMakeFiles\Runtime.WorkstationGC.dir\C_\Work\Core\CurrentWork3\runtime\src\native\eventpipe\ds-protocol.c.obj
  cl : Command line warning D9025 : overriding '/EHa' with '/EHa-'
  cl : Command line warning D9025 : overriding '/GL' with '/GL-'
  [38/1057] Building CXX object nativeaot\Runtime\Full\CMakeFiles\Runtime.WorkstationGC.dir\C_\Work\Core\CurrentWork3\runtime\src\native\eventpipe\ds-dump-protocol.c.obj
  cl : Command line warning D9025 : overriding '/EHa' with '/EHa-'
  cl : Command line warning D9025 : overriding '/GL' with '/GL-'
  [39/1057] Building CXX object nativeaot\Runtime\Full\CMakeFiles\Runtime.WorkstationGC.dir\C_\Work\Core\CurrentWork3\runtime\src\native\eventpipe\ds-process-protocol.c.obj
  cl : Command line warning D9025 : overriding '/EHa' with '/EHa-'
  cl : Command line warning D9025 : overriding '/GL' with '/GL-'
  [40/1057] Building CXX object nativeaot\Runtime\Full\CMakeFiles\Runtime.WorkstationGC.dir\C_\Work\Core\CurrentWork3\runtime\src\native\eventpipe\ds-eventpipe-protocol.c.obj
  cl : Command line warning D9025 : overriding '/EHa' with '/EHa-'
  cl : Command line warning D9025 : overriding '/GL' with '/GL-'
  [41/1057] Building CXX object nativeaot\Runtime\Full\CMakeFiles\Runtime.WorkstationGC.dir\C_\Work\Core\CurrentWork3\runtime\src\native\eventpipe\ds-profiler-protocol.c.obj
  cl : Command line warning D9025 : overriding '/EHa' with '/EHa-'
  cl : Command line warning D9025 : overriding '/GL' with '/GL-'
  [42/1057] Building CXX object nativeaot\Runtime\Full\CMakeFiles\Runtime.ServerGC.dir\__\allocheap.cpp.obj
  cl : Command line warning D9025 : overriding '/EHa' with '/EHa-'
  cl : Command line warning D9025 : overriding '/GL' with '/GL-'
  [43/1057] Building CXX object nativeaot\Runtime\Full\CMakeFiles\Runtime.ServerGC.dir\__\Crst.cpp.obj
  cl : Command line warning D9025 : overriding '/EHa' with '/EHa-'
  cl : Command line warning D9025 : overriding '/GL' with '/GL-'
  [44/1057] Building CXX object nativeaot\Runtime\Full\CMakeFiles\Runtime.WorkstationGC.dir\C_\Work\Core\CurrentWork3\runtime\src\native\eventpipe\ds-sources.c.obj
  cl : Command line warning D9025 : overriding '/EHa' with '/EHa-'
  cl : Command line warning D9025 : overriding '/GL' with '/GL-'
  [45/1057] Building CXX object nativeaot\Runtime\Full\CMakeFiles\Runtime.ServerGC.dir\__\CachedInterfaceDispatch.cpp.obj
  cl : Command line warning D9025 : overriding '/EHa' with '/EHa-'
  cl : Command line warning D9025 : overriding '/GL' with '/GL-'
  [46/1057] Building C object libs-native\System.IO.Compression.Native\CMakeFiles\System.IO.Compression.Native.Aot.dir\C_\Work\Core\CurrentWork3\runtime\src\native\external\brotli\dec\decode.c.obj
  cl : Command line warning D9025 : overriding '/guard:ehcont' with '/guard:cf-'
  cl : Command line warning D9025 : overriding '/GL' with '/GL-'
  [47/1057] Building CXX object libs-native\System.Globalization.Native\CMakeFiles\System.Globalization.Native.Aot.dir\pal_collation.c.obj
  cl : Command line warning D9025 : overriding '/guard:ehcont' with '/guard:cf-'
  cl : Command line warning D9025 : overriding '/GL' with '/GL-'
  [48/1057] Building CXX object nativeaot\Runtime\Full\CMakeFiles\Runtime.ServerGC.dir\__\rhassert.cpp.obj
  cl : Command line warning D9025 : overriding '/EHa' with '/EHa-'
  cl : Command line warning D9025 : overriding '/GL' with '/GL-'
  [49/1057] Building CXX object nativeaot\Runtime\Full\CMakeFiles\Runtime.ServerGC.dir\__\gctoclreventsink.cpp.obj
  cl : Command line warning D9025 : overriding '/EHa' with '/EHa-'
  cl : Command line warning D9025 : overriding '/GL' with '/GL-'
  [50/1057] Building CXX object nativeaot\Runtime\Full\CMakeFiles\Runtime.ServerGC.dir\__\DebugHeader.cpp.obj
  cl : Command line warning D9025 : overriding '/EHa' with '/EHa-'
  cl : Command line warning D9025 : overriding '/GL' with '/GL-'
  [51/1057] Building CXX object libs-native\System.Globalization.Native\CMakeFiles\System.Globalization.Native.Aot.GuardCF.dir\pal_collation.c.obj
  cl : Command line warning D9025 : overriding '/GL' with '/GL-'
  [52/1057] Building CXX object nativeaot\Runtime\Full\CMakeFiles\Runtime.ServerGC.dir\__\MethodTable.cpp.obj
  cl : Command line warning D9025 : overriding '/EHa' with '/EHa-'
  cl : Command line warning D9025 : overriding '/GL' with '/GL-'
  [53/1057] Building CXX object nativeaot\Runtime\Full\CMakeFiles\Runtime.ServerGC.dir\__\event.cpp.obj
  cl : Command line warning D9025 : overriding '/EHa' with '/EHa-'
  cl : Command line warning D9025 : overriding '/GL' with '/GL-'
  [54/1057] Building CXX object libs-native\System.Globalization.Native\CMakeFiles\System.Globalization.Native.Aot.GuardCF.dir\pal_icushim.c.obj
  cl : Command line warning D9025 : overriding '/GL' with '/GL-'
  [55/1057] Building CXX object nativeaot\Runtime\Full\CMakeFiles\Runtime.ServerGC.dir\__\EHHelpers.cpp.obj
  cl : Command line warning D9025 : overriding '/EHa' with '/EHa-'
  cl : Command line warning D9025 : overriding '/GL' with '/GL-'
  [56/1057] Building C object libs-native\System.IO.Compression.Native\CMakeFiles\System.IO.Compression.Native.Aot.dir\d4a3f20f245bbc714cbec24df309a789\external\brotli\enc\backward_references.c.obj
  cl : Command line warning D9025 : overriding '/guard:ehcont' with '/guard:cf-'
  cl : Command line warning D9025 : overriding '/GL' with '/GL-'
  [57/1057] Building CXX object nativeaot\Runtime\Full\CMakeFiles\Runtime.ServerGC.dir\__\GCHelpers.cpp.obj
  cl : Command line warning D9025 : overriding '/EHa' with '/EHa-'
  cl : Command line warning D9025 : overriding '/GL' with '/GL-'
  [58/1057] Building CXX object nativeaot\Runtime\Full\CMakeFiles\Runtime.ServerGC.dir\__\GCMemoryHelpers.cpp.obj
  cl : Command line warning D9025 : overriding '/EHa' with '/EHa-'
  cl : Command line warning D9025 : overriding '/GL' with '/GL-'
  [59/1057] Building CXX object nativeaot\Runtime\Full\CMakeFiles\Runtime.ServerGC.dir\__\GcStressControl.cpp.obj
  cl : Command line warning D9025 : overriding '/EHa' with '/EHa-'
  cl : Command line warning D9025 : overriding '/GL' with '/GL-'
  [60/1057] Linking CXX static library libs-native\System.Globalization.Native\System.Globalization.Native.Aot.GuardCF.lib
  [61/1057] Building CXX object libs-native\System.Globalization.Native\CMakeFiles\System.Globalization.Native.Aot.dir\pal_icushim.c.obj
  cl : Command line warning D9025 : overriding '/guard:ehcont' with '/guard:cf-'
  cl : Command line warning D9025 : overriding '/GL' with '/GL-'
  [62/1057] Building CXX object nativeaot\Runtime\Full\CMakeFiles\Runtime.ServerGC.dir\__\gcrhscan.cpp.obj
  cl : Command line warning D9025 : overriding '/EHa' with '/EHa-'
  cl : Command line warning D9025 : overriding '/GL' with '/GL-'
  [63/1057] Building CXX object nativeaot\Runtime\Full\CMakeFiles\Runtime.ServerGC.dir\__\gcheaputilities.cpp.obj
  cl : Command line warning D9025 : overriding '/EHa' with '/EHa-'
  cl : Command line warning D9025 : overriding '/GL' with '/GL-'
  [64/1057] Building CXX object nativeaot\Runtime\Full\CMakeFiles\Runtime.ServerGC.dir\__\FinalizerHelpers.cpp.obj
  cl : Command line warning D9025 : overriding '/EHa' with '/EHa-'
  cl : Command line warning D9025 : overriding '/GL' with '/GL-'
  [65/1057] Building CXX object nativeaot\Runtime\Full\CMakeFiles\Runtime.ServerGC.dir\__\TypeManager.cpp.obj
  cl : Command line warning D9025 : overriding '/EHa' with '/EHa-'
  cl : Command line warning D9025 : overriding '/GL' with '/GL-'
  [66/1057] Building CXX object nativeaot\Runtime\Full\CMakeFiles\Runtime.ServerGC.dir\__\gcrhenv.cpp.obj
  cl : Command line warning D9025 : overriding '/EHa' with '/EHa-'
  cl : Command line warning D9025 : overriding '/GL' with '/GL-'
  [67/1057] Building CXX object nativeaot\Runtime\Full\CMakeFiles\Runtime.ServerGC.dir\__\portable.cpp.obj
  cl : Command line warning D9025 : overriding '/EHa' with '/EHa-'
  cl : Command line warning D9025 : overriding '/GL' with '/GL-'
  [68/1057] Linking CXX static library libs-native\System.Globalization.Native\System.Globalization.Native.Aot.lib
  [69/1057] Building CXX object nativeaot\Runtime\Full\CMakeFiles\Runtime.ServerGC.dir\__\MathHelpers.cpp.obj
  cl : Command line warning D9025 : overriding '/EHa' with '/EHa-'
  cl : Command line warning D9025 : overriding '/GL' with '/GL-'
  [70/1057] Building CXX object nativeaot\Runtime\Full\CMakeFiles\Runtime.ServerGC.dir\__\ObjectLayout.cpp.obj
  cl : Command line warning D9025 : overriding '/EHa' with '/EHa-'
  cl : Command line warning D9025 : overriding '/GL' with '/GL-'
  [71/1057] Building CXX object nativeaot\Runtime\Full\CMakeFiles\Runtime.ServerGC.dir\__\HandleTableHelpers.cpp.obj
  cl : Command line warning D9025 : overriding '/EHa' with '/EHa-'
  cl : Command line warning D9025 : overriding '/GL' with '/GL-'
  [72/1057] Building CXX object nativeaot\Runtime\Full\CMakeFiles\Runtime.ServerGC.dir\__\MiscHelpers.cpp.obj
  cl : Command line warning D9025 : overriding '/EHa' with '/EHa-'
  cl : Command line warning D9025 : overriding '/GL' with '/GL-'
  [73/1057] Building CXX object nativeaot\Runtime\Full\CMakeFiles\Runtime.ServerGC.dir\__\RestrictedCallouts.cpp.obj
  cl : Command line warning D9025 : overriding '/EHa' with '/EHa-'
  cl : Command line warning D9025 : overriding '/GL' with '/GL-'
  [74/1057] Building CXX object nativeaot\Runtime\Full\CMakeFiles\Runtime.ServerGC.dir\__\profheapwalkhelper.cpp.obj
  cl : Command line warning D9025 : overriding '/EHa' with '/EHa-'
  cl : Command line warning D9025 : overriding '/GL' with '/GL-'
  [75/1057] Building CXX object nativeaot\Runtime\Full\CMakeFiles\Runtime.ServerGC.dir\__\RhConfig.cpp.obj
  cl : Command line warning D9025 : overriding '/EHa' with '/EHa-'
  cl : Command line warning D9025 : overriding '/GL' with '/GL-'
  [76/1057] Building CXX object nativeaot\Runtime\Full\CMakeFiles\Runtime.ServerGC.dir\__\UniversalTransitionHelpers.cpp.obj
  cl : Command line warning D9025 : overriding '/EHa' with '/EHa-'
  cl : Command line warning D9025 : overriding '/GL' with '/GL-'
  [77/1057] Building CXX object nativeaot\Runtime\Full\CMakeFiles\Runtime.ServerGC.dir\__\StackFrameIterator.cpp.obj
  cl : Command line warning D9025 : overriding '/EHa' with '/EHa-'
  cl : Command line warning D9025 : overriding '/GL' with '/GL-'
  [78/1057] Building CXX object nativeaot\Runtime\Full\CMakeFiles\Runtime.ServerGC.dir\__\startup.cpp.obj
  FAILED: nativeaot/Runtime/Full/CMakeFiles/Runtime.ServerGC.dir/__/startup.cpp.obj 
  C:\PROGRA~1\MIB055~1\2022\Preview\VC\Tools\MSVC\1434~1.317\bin\Hostx64\x64\cl.exe  /nologo /TP -DFEATURE_BASICFREEZE -DFEATURE_CACHED_INTERFACE_DISPATCH -DFEATURE_CONSERVATIVE_GC -DFEATURE_CUSTOM_IMPORTS -DFEATURE_DYNAMIC_CODE -DFEATURE_ETW -DFEATURE_EVENT_TRACE -DFEATURE_NATIVEAOT -DFEATURE_PERFTRACING -DFEATURE_RX_THUNKS -DFEATURE_SUSPEND_REDIRECTION -DFEATURE_SVR_GC -DHOST_64BIT -DHOST_AMD64 -DHOST_WINDOWS -DNATIVEAOT -DNDEBUG -DTARGET_64BIT -DTARGET_AMD64 -DTARGET_WINDOWS -DUNICODE=1 -DURTBLDENV_FRIENDLY=Retail -DVERIFY_HEAP -D_FILE_OFFSET_BITS=64 -D_LIB -IC:\Work\Core\CurrentWork3\runtime\artifacts\obj\coreclr\windows.x64.Release\nativeaot\Runtime\Full -IC:\Work\Core\CurrentWork3\runtime\src\coreclr\nativeaot\Runtime\Full -IC:\Work\Core\CurrentWork3\runtime\src\native -IC:\Work\Core\CurrentWork3\runtime\src\coreclr\pal\prebuilt\inc -IC:\Work\Core\CurrentWork3\runtime\artifacts\obj -IC:\Work\Core\CurrentWork3\runtime\src\native\eventpipe -IC:\Work\Core\CurrentWork3\runtime\src\coreclr\nativeaot\Runtime\inc -IC:\Work\Core\CurrentWork3\runtime\src\coreclr\nativeaot\Runtime\. -IC:\Work\Core\CurrentWork3\runtime\src\coreclr\nativeaot\Runtime\..\..\gc -IC:\Work\Core\CurrentWork3\runtime\src\coreclr\nativeaot\Runtime\..\..\gc\env -IC:\Work\Core\CurrentWork3\runtime\src\coreclr\nativeaot\Runtime\windows -IC:\Work\Core\CurrentWork3\runtime\src\coreclr\nativeaot\Runtime\amd64 /DWIN32 /D_WINDOWS    /GR-  /guard:ehcont /O2 /Ob2 /DNDEBUG -MT /Ox /nologo /W4 /WX /Oi /Oy- /Gm- /Zp8 /Gy /GS /fp:precise /FC /MP /Zm200 /Zc:strictStrings /Zc:wchar_t /Zc:inline /Zc:forScope /wd4065 /wd4100 /wd4127 /wd4131 /wd4189 /wd4200 /wd4201 /wd4206 /wd4239 /wd4245 /wd4291 /wd4310 /wd4324 /wd4366 /wd4456 /wd4457 /wd4458 /wd4459 /wd4463 /wd4505 /wd4702 /wd4706 /wd4733 /wd4815 /wd4838 /wd4918 /wd4960 /wd4961 /wd5105 /wd5205 /we4007 /we4013 /we4102 /we4551 /we4700 /we4640 /we4806 /w34092 /w34121 /w34125 /w34130 /w34132 /w34212 /w34530 /w35038 /w44177 /Zi /ZH:SHA_256 /source-charset:utf-8 /GL /EHa /EHa- /EHs- /GL- /O2 /showIncludes /Fonativeaot\Runtime\Full\CMakeFiles\Runtime.ServerGC.dir\__\startup.cpp.obj /Fdnativeaot\Runtime\Full\Runtime.ServerGC.pdb /FS -c C:\Work\Core\CurrentWork3\runtime\src\coreclr\nativeaot\Runtime\startup.cpp
  cl : Command line warning D9025 : overriding '/EHa' with '/EHa-'
  cl : Command line warning D9025 : overriding '/GL' with '/GL-'
  C:\Work\Core\CurrentWork3\runtime\src\coreclr\nativeaot\Runtime\eventpipe\ep-rt-types-aot.h(34): error C3856: 'SListElem_EP': symbol is not a class template
  C:\Work\Core\CurrentWork3\runtime\src\coreclr\nativeaot\Runtime\eventpipe\ep-rt-types-aot.h(37): note: see reference to class template instantiation '_rt_aot_list_internal_t<T>' being compiled
  C:\Work\Core\CurrentWork3\runtime\src\coreclr\nativeaot\Runtime\eventpipe\ep-rt-types-aot.h(34): error C2098: unexpected token after data member 'T'
  C:\Work\Core\CurrentWork3\runtime\src\coreclr\nativeaot\Runtime\eventpipe\ep-rt-types-aot.h(34): error C2059: syntax error: '>'
  C:\Work\Core\CurrentWork3\runtime\src\coreclr\nativeaot\Runtime\eventpipe\ep-rt-types-aot.h(35): error C3856: 'SList_EP': symbol is not a class template
  C:\Work\Core\CurrentWork3\runtime\src\coreclr\nativeaot\Runtime\eventpipe\ep-rt-types-aot.h(35): error C2098: unexpected token after data member 'element_type_t'
  C:\Work\Core\CurrentWork3\runtime\src\coreclr\nativeaot\Runtime\eventpipe\ep-rt-types-aot.h(35): error C2059: syntax error: '>'
  C:\Work\Core\CurrentWork3\runtime\src\coreclr\nativeaot\Runtime\eventpipe\ep-rt-types-aot.h(36): error C2143: syntax error: missing ';' before '*'
  C:\Work\Core\CurrentWork3\runtime\src\coreclr\nativeaot\Runtime\eventpipe\ep-rt-types-aot.h(36): error C4430: missing type specifier - int assumed. Note: C++ does not support default-int
  C:\Work\Core\CurrentWork3\runtime\src\coreclr\nativeaot\Runtime\eventpipe\ep-rt-types-aot.h(36): error C2238: unexpected token(s) preceding ';'
  C:\Work\Core\CurrentWork3\runtime\src\coreclr\nativeaot\Runtime\eventpipe\ep-rt-types-aot.h(41): error C3856: 'SListElem_EP': symbol is not a class template
  C:\Work\Core\CurrentWork3\runtime\src\coreclr\nativeaot\Runtime\eventpipe\ep-rt-types-aot.h(44): note: see reference to class template instantiation '_rt_aot_queue_internal_t<T>' being compiled
  C:\Work\Core\CurrentWork3\runtime\src\coreclr\nativeaot\Runtime\eventpipe\ep-rt-types-aot.h(41): error C2098: unexpected token after data member 'T'
  C:\Work\Core\CurrentWork3\runtime\src\coreclr\nativeaot\Runtime\eventpipe\ep-rt-types-aot.h(41): error C2059: syntax error: '>'
  C:\Work\Core\CurrentWork3\runtime\src\coreclr\nativeaot\Runtime\eventpipe\ep-rt-types-aot.h(42): error C3856: 'SList_EP': symbol is not a class template
  C:\Work\Core\CurrentWork3\runtime\src\coreclr\nativeaot\Runtime\eventpipe\ep-rt-types-aot.h(42): error C2098: unexpected token after data member 'element_type_t'
  C:\Work\Core\CurrentWork3\runtime\src\coreclr\nativeaot\Runtime\eventpipe\ep-rt-types-aot.h(42): error C2059: syntax error: '>'
  C:\Work\Core\CurrentWork3\runtime\src\coreclr\nativeaot\Runtime\eventpipe\ep-rt-types-aot.h(43): error C2143: syntax error: missing ';' before '*'
  C:\Work\Core\CurrentWork3\runtime\src\coreclr\nativeaot\Runtime\eventpipe\ep-rt-types-aot.h(43): error C4430: missing type specifier - int assumed. Note: C++ does not support default-int
  C:\Work\Core\CurrentWork3\runtime\src\coreclr\nativeaot\Runtime\eventpipe\ep-rt-types-aot.h(43): error C2238: unexpected token(s) preceding ';'
  C:\Work\Core\CurrentWork3\runtime\src\coreclr\nativeaot\Runtime\eventpipe\ep-rt-types-aot.h(49): error C3856: 'CQuickArrayList_EP': symbol is not a class template
  C:\Work\Core\CurrentWork3\runtime\src\coreclr\nativeaot\Runtime\eventpipe\ep-rt-types-aot.h(51): note: see reference to class template instantiation '_rt_aot_array_internal_t<T>' being compiled
  C:\Work\Core\CurrentWork3\runtime\src\coreclr\nativeaot\Runtime\eventpipe\ep-rt-types-aot.h(49): error C2098: unexpected token after data member 'T'
  C:\Work\Core\CurrentWork3\runtime\src\coreclr\nativeaot\Runtime\eventpipe\ep-rt-types-aot.h(49): error C2059: syntax error: '>'
  C:\Work\Core\CurrentWork3\runtime\src\coreclr\nativeaot\Runtime\eventpipe\ep-rt-types-aot.h(50): error C2143: syntax error: missing ';' before '*'
  C:\Work\Core\CurrentWork3\runtime\src\coreclr\nativeaot\Runtime\eventpipe\ep-rt-types-aot.h(50): error C4430: missing type specifier - int assumed. Note: C++ does not support default-int
  C:\Work\Core\CurrentWork3\runtime\src\coreclr\nativeaot\Runtime\eventpipe\ep-rt-types-aot.h(50): error C2238: unexpected token(s) preceding ';'
  C:\Work\Core\CurrentWork3\runtime\src\coreclr\nativeaot\Runtime\eventpipe\ep-rt-types-aot.h(67): error C3856: 'SHash_EP': symbol is not a class template
  C:\Work\Core\CurrentWork3\runtime\src\coreclr\nativeaot\Runtime\eventpipe\ep-rt-types-aot.h(70): note: see reference to class template instantiation '_rt_aot_table_default_internal_t<T1,T2>' being compiled
  C:\Work\Core\CurrentWork3\runtime\src\coreclr\nativeaot\Runtime\eventpipe\ep-rt-types-aot.h(67): error C2143: syntax error: missing ';' before '<'
  C:\Work\Core\CurrentWork3\runtime\src\coreclr\nativeaot\Runtime\eventpipe\ep-rt-types-aot.h(67): error C2238: unexpected token(s) preceding ';'
  C:\Work\Core\CurrentWork3\runtime\src\coreclr\nativeaot\Runtime\eventpipe\ep-rt-types-aot.h(69): error C2143: syntax error: missing ';' before '*'
  C:\Work\Core\CurrentWork3\runtime\src\coreclr\nativeaot\Runtime\eventpipe\ep-rt-types-aot.h(69): error C4430: missing type specifier - int assumed. Note: C++ does not support default-int
  C:\Work\Core\CurrentWork3\runtime\src\coreclr\nativeaot\Runtime\eventpipe\ep-rt-types-aot.h(69): error C2238: unexpected token(s) preceding ';'
  C:\Work\Core\CurrentWork3\runtime\src\coreclr\nativeaot\Runtime\eventpipe\ep-rt-types-aot.h(74): error C3856: 'SHash_EP': symbol is not a class template
  C:\Work\Core\CurrentWork3\runtime\src\coreclr\nativeaot\Runtime\eventpipe\ep-rt-types-aot.h(77): note: see reference to class template instantiation '_rt_aot_table_remove_internal_t<T1,T2>' being compiled
  C:\Work\Core\CurrentWork3\runtime\src\coreclr\nativeaot\Runtime\eventpipe\ep-rt-types-aot.h(74): error C2143: syntax error: missing ';' before '<'
  C:\Work\Core\CurrentWork3\runtime\src\coreclr\nativeaot\Runtime\eventpipe\ep-rt-types-aot.h(74): error C2238: unexpected token(s) preceding ';'
  C:\Work\Core\CurrentWork3\runtime\src\coreclr\nativeaot\Runtime\eventpipe\ep-rt-types-aot.h(76): error C2143: syntax error: missing ';' before '*'
  C:\Work\Core\CurrentWork3\runtime\src\coreclr\nativeaot\Runtime\eventpipe\ep-rt-types-aot.h(76): error C4430: missing type specifier - int assumed. Note: C++ does not support default-int
  C:\Work\Core\CurrentWork3\runtime\src\coreclr\nativeaot\Runtime\eventpipe\ep-rt-types-aot.h(76): error C2238: unexpected token(s) preceding ';'
  C:\Work\Core\CurrentWork3\runtime\src\coreclr\nativeaot\Runtime\eventpipe\ep-rt-types-aot.h(79): error C2504: 'NoRemoveSHashTraits_EP': base class undefined
  C:\Work\Core\CurrentWork3\runtime\src\coreclr\nativeaot\Runtime\eventpipe\ep-rt-types-aot.h(79): error C2143: syntax error: missing ',' before '<'
  C:\Work\Core\CurrentWork3\runtime\src\coreclr\nativeaot\Runtime\eventpipe\ep-rt-types-aot.h(82): error C2143: syntax error: missing ';' before '<'
  C:\Work\Core\CurrentWork3\runtime\src\coreclr\nativeaot\Runtime\eventpipe\ep-rt-types-aot.h(82): error C4430: missing type specifier - int assumed. Note: C++ does not support default-int
  C:\Work\Core\CurrentWork3\runtime\src\coreclr\nativeaot\Runtime\eventpipe\ep-rt-types-aot.h(82): error C2039: 'element_t': is not a member of '`global namespace''
  C:\Work\Core\CurrentWork3\runtime\src\coreclr\nativeaot\Runtime\eventpipe\ep-rt-types-aot.h(82): error C2238: unexpected token(s) preceding ';'
  C:\Work\Core\CurrentWork3\runtime\src\coreclr\nativeaot\Runtime\eventpipe\ep-rt-types-aot.h(83): error C2059: syntax error: '<'
  C:\Work\Core\CurrentWork3\runtime\src\coreclr\nativeaot\Runtime\eventpipe\ep-rt-types-aot.h(83): error C2039: 'count_t': is not a member of '`global namespace''
  C:\Work\Core\CurrentWork3\runtime\src\coreclr\nativeaot\Runtime\eventpipe\ep-rt-types-aot.h(83): error C2238: unexpected token(s) preceding ';'
  C:\Work\Core\CurrentWork3\runtime\src\coreclr\nativeaot\Runtime\eventpipe\ep-rt-types-aot.h(87): error C2061: syntax error: identifier 'element_t'
  C:\Work\Core\CurrentWork3\runtime\src\coreclr\nativeaot\Runtime\eventpipe\ep-rt-types-aot.h(99): error C3646: 'Hash': unknown override specifier
  C:\Work\Core\CurrentWork3\runtime\src\coreclr\nativeaot\Runtime\eventpipe\ep-rt-types-aot.h(99): error C2275: 'EventPipeCoreCLRStackHashTraits::key_t': expected an expression instead of a type
  C:\Work\Core\CurrentWork3\runtime\src\coreclr\nativeaot\Runtime\eventpipe\ep-rt-types-aot.h(99): error C2146: syntax error: missing ')' before identifier 'k'
  C:\Work\Core\CurrentWork3\runtime\src\coreclr\nativeaot\Runtime\eventpipe\ep-rt-types-aot.h(100): error C2334: unexpected token(s) preceding '{'; skipping apparent function body
  C:\Work\Core\CurrentWork3\runtime\src\coreclr\nativeaot\Runtime\eventpipe\ep-rt-types-aot.h(105): error C3646: 'Null': unknown override specifier
  C:\Work\Core\CurrentWork3\runtime\src\coreclr\nativeaot\Runtime\eventpipe\ep-rt-types-aot.h(105): error C2059: syntax error: ')'
  C:\Work\Core\CurrentWork3\runtime\src\coreclr\nativeaot\Runtime\eventpipe\ep-rt-types-aot.h(106): error C2334: unexpected token(s) preceding '{'; skipping apparent function body
  C:\Work\Core\CurrentWork3\runtime\src\coreclr\nativeaot\Runtime\eventpipe\ep-rt-types-aot.h(110): error C4430: missing type specifier - int assumed. Note: C++ does not support default-int
  C:\Work\Core\CurrentWork3\runtime\src\coreclr\nativeaot\Runtime\eventpipe\ep-rt-types-aot.h(110): error C2143: syntax error: missing ',' before '&'
  C:\Work\Core\CurrentWork3\runtime\src\coreclr\nativeaot\Runtime\eventpipe\ep-rt-types-aot.h(90): error C2065: 'e': undeclared identifier
  C:\Work\Core\CurrentWork3\runtime\src\coreclr\nativeaot\Runtime\eventpipe\ep-rt-types-aot.h(112): error C2065: 'e': undeclared identifier
  C:\Work\Core\CurrentWork3\runtime\src\coreclr\nativeaot\Runtime\eventpipe\ep-rt-types-aot.h(112): error C2065: 'e': undeclared identifier
  C:\Work\Core\CurrentWork3\runtime\src\coreclr\nativeaot\Runtime\eventpipe\ep-rt-types-aot.h(118): error C3856: 'SHash_EP': symbol is not a class template
  C:\Work\Core\CurrentWork3\runtime\src\coreclr\nativeaot\Runtime\eventpipe\ep-rt-types-aot.h(121): note: see reference to class template instantiation '_rt_aot_table_custom_internal_t<T1>' being compiled
  C:\Work\Core\CurrentWork3\runtime\src\coreclr\nativeaot\Runtime\eventpipe\ep-rt-types-aot.h(118): error C2098: unexpected token after data member 'T1'
  C:\Work\Core\CurrentWork3\runtime\src\coreclr\nativeaot\Runtime\eventpipe\ep-rt-types-aot.h(118): error C2059: syntax error: '>'
  C:\Work\Core\CurrentWork3\runtime\src\coreclr\nativeaot\Runtime\eventpipe\ep-rt-types-aot.h(120): error C2143: syntax error: missing ';' before '*'
  C:\Work\Core\CurrentWork3\runtime\src\coreclr\nativeaot\Runtime\eventpipe\ep-rt-types-aot.h(120): error C4430: missing type specifier - int assumed. Note: C++ does not support default-int
  C:\Work\Core\CurrentWork3\runtime\src\coreclr\nativeaot\Runtime\eventpipe\ep-rt-types-aot.h(120): error C2238: unexpected token(s) preceding ';'
  C:\Work\Core\CurrentWork3\runtime\src\coreclr\nativeaot\Runtime\eventpipe\ep-rt-types-aot.h(166): error C3083: 'list_type_t': the symbol to the left of a '::' must be a type
  C:\Work\Core\CurrentWork3\runtime\src\coreclr\nativeaot\Runtime\eventpipe\ep-rt-types-aot.h(166): error C2039: 'Iterator': is not a member of '_rt_aot_list_internal_t<EventPipeEvent *>'
  C:\Work\Core\CurrentWork3\runtime\src\coreclr\nativeaot\Runtime\eventpipe\ep-rt-types-aot.h(163): note: see declaration of '_rt_aot_list_internal_t<EventPipeEvent *>'
  C:\Work\Core\CurrentWork3\runtime\src\coreclr\nativeaot\Runtime\eventpipe\ep-rt-types-aot.h(176): error C3083: 'table_type_t': the symbol to the left of a '::' must be a type
  C:\Work\Core\CurrentWork3\runtime\src\coreclr\nativeaot\Runtime\eventpipe\ep-rt-types-aot.h(176): error C2039: 'Iterator': is not a member of '_rt_aot_table_remove_internal_t<EventPipeEvent *,uint32_t>'
  C:\Work\Core\CurrentWork3\runtime\src\coreclr\nativeaot\Runtime\eventpipe\ep-rt-types-aot.h(173): note: see declaration of '_rt_aot_table_remove_internal_t<EventPipeEvent *,uint32_t>'
  C:\Work\Core\CurrentWork3\runtime\src\coreclr\nativeaot\Runtime\eventpipe\ep-rt-types-aot.h(182): error C3083: 'table_type_t': the symbol to the left of a '::' must be a type
  C:\Work\Core\CurrentWork3\runtime\src\coreclr\nativeaot\Runtime\eventpipe\ep-rt-types-aot.h(182): error C2039: 'Iterator': is not a member of '_rt_aot_table_custom_internal_t<EventPipeCoreCLRStackHashTraits>'
  C:\Work\Core\CurrentWork3\runtime\src\coreclr\nativeaot\Runtime\eventpipe\ep-rt-types-aot.h(179): note: see declaration of '_rt_aot_table_custom_internal_t<EventPipeCoreCLRStackHashTraits>'
  C:\Work\Core\CurrentWork3\runtime\src\coreclr\nativeaot\Runtime\eventpipe\ep-rt-types-aot.h(192): error C3083: 'list_type_t': the symbol to the left of a '::' must be a type
  C:\Work\Core\CurrentWork3\runtime\src\coreclr\nativeaot\Runtime\eventpipe\ep-rt-types-aot.h(192): error C2039: 'Iterator': is not a member of '_rt_aot_list_internal_t<EventPipeProvider *>'
  C:\Work\Core\CurrentWork3\runtime\src\coreclr\nativeaot\Runtime\eventpipe\ep-rt-types-aot.h(189): note: see declaration of '_rt_aot_list_internal_t<EventPipeProvider *>'
  C:\Work\Core\CurrentWork3\runtime\src\coreclr\nativeaot\Runtime\eventpipe\ep-rt-types-aot.h(215): error C3083: 'list_type_t': the symbol to the left of a '::' must be a type
  C:\Work\Core\CurrentWork3\runtime\src\coreclr\nativeaot\Runtime\eventpipe\ep-rt-types-aot.h(215): error C2039: 'Iterator': is not a member of '_rt_aot_list_internal_t<EventPipeSessionProvider *>'
  C:\Work\Core\CurrentWork3\runtime\src\coreclr\nativeaot\Runtime\eventpipe\ep-rt-types-aot.h(212): note: see declaration of '_rt_aot_list_internal_t<EventPipeSessionProvider *>'
  C:\Work\Core\CurrentWork3\runtime\src\coreclr\nativeaot\Runtime\eventpipe\ep-rt-types-aot.h(225): error C3083: 'list_type_t': the symbol to the left of a '::' must be a type
  C:\Work\Core\CurrentWork3\runtime\src\coreclr\nativeaot\Runtime\eventpipe\ep-rt-types-aot.h(225): error C2039: 'Iterator': is not a member of '_rt_aot_list_internal_t<EventPipeSequencePoint *>'
  C:\Work\Core\CurrentWork3\runtime\src\coreclr\nativeaot\Runtime\eventpipe\ep-rt-types-aot.h(222): note: see declaration of '_rt_aot_list_internal_t<EventPipeSequencePoint *>'
  C:\Work\Core\CurrentWork3\runtime\src\coreclr\nativeaot\Runtime\eventpipe\ep-rt-types-aot.h(235): error C3083: 'list_type_t': the symbol to the left of a '::' must be a type
  C:\Work\Core\CurrentWork3\runtime\src\coreclr\nativeaot\Runtime\eventpipe\ep-rt-types-aot.h(235): error C2039: 'Iterator': is not a member of '_rt_aot_list_internal_t<EventPipeThread *>'
  C:\Work\Core\CurrentWork3\runtime\src\coreclr\nativeaot\Runtime\eventpipe\ep-rt-types-aot.h(232): note: see declaration of '_rt_aot_list_internal_t<EventPipeThread *>'
  C:\Work\Core\CurrentWork3\runtime\src\coreclr\nativeaot\Runtime\eventpipe\ep-rt-types-aot.h(251): error C3083: 'list_type_t': the symbol to the left of a '::' must be a type
  C:\Work\Core\CurrentWork3\runtime\src\coreclr\nativeaot\Runtime\eventpipe\ep-rt-types-aot.h(251): error C2039: 'Iterator': is not a member of '_rt_aot_list_internal_t<EventPipeThreadSessionState *>'
  C:\Work\Core\CurrentWork3\runtime\src\coreclr\nativeaot\Runtime\eventpipe\ep-rt-types-aot.h(248): note: see declaration of '_rt_aot_list_internal_t<EventPipeThreadSessionState *>'
  C:\Work\Core\CurrentWork3\runtime\src\coreclr\nativeaot\Runtime\eventpipe\ep-rt-types-aot.h(339): error C3083: 'table_type_t': the symbol to the left of a '::' must be a type
  C:\Work\Core\CurrentWork3\runtime\src\coreclr\nativeaot\Runtime\eventpipe\ep-rt-types-aot.h(339): error C2039: 'Iterator': is not a member of '_rt_aot_table_remove_internal_t<EventPipeThreadSessionState *,uint32_t>'
  C:\Work\Core\CurrentWork3\runtime\src\coreclr\nativeaot\Runtime\eventpipe\ep-rt-types-aot.h(336): note: see declaration of '_rt_aot_table_remove_internal_t<EventPipeThreadSessionState *,uint32_t>'
  C:\Work\Core\CurrentWork3\runtime\src\coreclr\nativeaot\Runtime\eventpipe\NativeaotEventPipeSupport.h(15): error C2371: 'FILETIME': redefinition; different basic types
  C:\Work\Core\CurrentWork3\runtime\src\coreclr\nativeaot\Runtime\PalRedhawk.h(107): note: see declaration of 'FILETIME'
  C:\Work\Core\CurrentWork3\runtime\src\coreclr\nativeaot\Runtime\eventpipe\NativeaotEventPipeSupport.h(20): error C2084: function 'int32_t PalInterlockedIncrement(volatile int32_t *)' already has a body
  C:\Work\Core\CurrentWork3\runtime\src\coreclr\nativeaot\Runtime\windows\PalRedhawkInline.h(8): note: see previous definition of 'PalInterlockedIncrement'
  C:\Work\Core\CurrentWork3\runtime\src\coreclr\nativeaot\Runtime\eventpipe\NativeaotEventPipeSupport.h(27): error C2084: function 'int32_t PalInterlockedDecrement(volatile int32_t *)' already has a body
  C:\Work\Core\CurrentWork3\runtime\src\coreclr\nativeaot\Runtime\windows\PalRedhawkInline.h(15): note: see previous definition of 'PalInterlockedDecrement'
  C:\Work\Core\CurrentWork3\runtime\src\coreclr\nativeaot\Runtime\eventpipe\ep-rt-types-aot.h(55): error C2039: 'array_type_t': is not a member of '_rt_aot_array_internal_t<EventPipeSessionID>'
  C:\Work\Core\CurrentWork3\runtime\src\coreclr\nativeaot\Runtime\eventpipe\ep-rt-types-aot.h(264): note: see declaration of '_rt_aot_array_internal_t<EventPipeSessionID>'
  C:\Work\Core\CurrentWork3\runtime\src\coreclr\nativeaot\Runtime\eventpipe\ep-rt-aot.h(1269): note: see reference to class template instantiation '_rt_aot_array_iterator_internal_t<EventPipeSessionID>' being compiled
  C:\Work\Core\CurrentWork3\runtime\src\coreclr\nativeaot\Runtime\eventpipe\ep-rt-types-aot.h(55): error C3646: 'array_iterator_type': unknown override specifier
  C:\Work\Core\CurrentWork3\runtime\src\coreclr\nativeaot\Runtime\eventpipe\ep-rt-types-aot.h(55): error C4430: missing type specifier - int assumed. Note: C++ does not support default-int
  C:\Work\Core\CurrentWork3\runtime\src\coreclr\nativeaot\Runtime\eventpipe\ep-rt-types-aot.h(56): error C2143: syntax error: missing ';' before '*'
  C:\Work\Core\CurrentWork3\runtime\src\coreclr\nativeaot\Runtime\eventpipe\ep-rt-types-aot.h(56): error C4430: missing type specifier - int assumed. Note: C++ does not support default-int
  C:\Work\Core\CurrentWork3\runtime\src\coreclr\nativeaot\Runtime\eventpipe\ep-rt-types-aot.h(56): error C2238: unexpected token(s) preceding ';'
  C:\Work\Core\CurrentWork3\runtime\src\coreclr\nativeaot\Runtime\eventpipe\ep-rt-types-aot.h(55): error C2039: 'array_type_t': is not a member of '_rt_aot_array_internal_t<EventPipeExecutionCheckpoint *>'
  C:\Work\Core\CurrentWork3\runtime\src\coreclr\nativeaot\Runtime\eventpipe\ep-rt-types-aot.h(273): note: see declaration of '_rt_aot_array_internal_t<EventPipeExecutionCheckpoint *>'
  C:\Work\Core\CurrentWork3\runtime\src\coreclr\nativeaot\Runtime\eventpipe\ep-rt-aot.h(1272): note: see reference to class template instantiation '_rt_aot_array_iterator_internal_t<EventPipeExecutionCheckpoint *>' being compiled
  C:\Work\Core\CurrentWork3\runtime\src\coreclr\nativeaot\Runtime\eventpipe\ep-rt-types-aot.h(55): error C2039: 'array_type_t': is not a member of '_rt_aot_array_internal_t<EventPipeBuffer *>'
  C:\Work\Core\CurrentWork3\runtime\src\coreclr\nativeaot\Runtime\eventpipe\ep-rt-types-aot.h(143): note: see declaration of '_rt_aot_array_internal_t<EventPipeBuffer *>'
  C:\Work\Core\CurrentWork3\runtime\src\coreclr\nativeaot\Runtime\eventpipe\ep-rt-aot.h(1498): note: see reference to class template instantiation '_rt_aot_array_iterator_internal_t<EventPipeBuffer *>' being compiled
  C:\Work\Core\CurrentWork3\runtime\src\coreclr\nativeaot\Runtime\eventpipe\ep-rt-types-aot.h(55): error C2039: 'array_type_t': is not a member of '_rt_aot_array_internal_t<EventPipeBufferList *>'
  C:\Work\Core\CurrentWork3\runtime\src\coreclr\nativeaot\Runtime\eventpipe\ep-rt-types-aot.h(153): note: see declaration of '_rt_aot_array_internal_t<EventPipeBufferList *>'
  C:\Work\Core\CurrentWork3\runtime\src\coreclr\nativeaot\Runtime\eventpipe\ep-rt-aot.h(1510): note: see reference to class template instantiation '_rt_aot_array_iterator_internal_t<EventPipeBufferList *>' being compiled
  C:\Work\Core\CurrentWork3\runtime\src\coreclr\nativeaot\Runtime\eventpipe\ep-rt-aot.h(1521): error C2027: use of undefined type 'Iterator'
  C:\Work\Core\CurrentWork3\runtime\src\coreclr\nativeaot\Runtime\eventpipe\ep-rt-types-aot.h(166): note: see declaration of 'Iterator'
  C:\Work\Core\CurrentWork3\runtime\src\coreclr\nativeaot\Runtime\eventpipe\ep-rt-aot.h(1521): error C2079: 'ep_rt_event_list_iterator_begin' uses undefined class 'Iterator'
  C:\Work\Core\CurrentWork3\runtime\src\coreclr\nativeaot\Runtime\eventpipe\ep-rt-aot.h(1529): error C2027: use of undefined type 'Iterator'
  C:\Work\Core\CurrentWork3\runtime\src\coreclr\nativeaot\Runtime\eventpipe\ep-rt-types-aot.h(166): note: see declaration of 'Iterator'
  C:\Work\Core\CurrentWork3\runtime\src\coreclr\nativeaot\Runtime\eventpipe\ep-rt-aot.h(1529): error C2079: 'ep_rt_stack_hash_iterator_begin' uses undefined class 'Iterator'
  C:\Work\Core\CurrentWork3\runtime\src\coreclr\nativeaot\Runtime\eventpipe\ep-rt-aot.h(1536): error C2027: use of undefined type 'Iterator'
  C:\Work\Core\CurrentWork3\runtime\src\coreclr\nativeaot\Runtime\eventpipe\ep-rt-types-aot.h(166): note: see declaration of 'Iterator'
  C:\Work\Core\CurrentWork3\runtime\src\coreclr\nativeaot\Runtime\eventpipe\ep-rt-aot.h(1536): error C2079: 'ep_rt_provider_list_iterator_begin' uses undefined class 'Iterator'
  C:\Work\Core\CurrentWork3\runtime\src\coreclr\nativeaot\Runtime\eventpipe\ep-rt-aot.h(1550): error C2059: syntax error: '<'
  C:\Work\Core\CurrentWork3\runtime\src\coreclr\nativeaot\Runtime\eventpipe\ep-rt-aot.h(1551): error C2059: syntax error: '<'
  C:\Work\Core\CurrentWork3\runtime\src\coreclr\nativeaot\Runtime\eventpipe\ep-rt-aot.h(1552): error C2065: 'element': undeclared identifier
  C:\Work\Core\CurrentWork3\runtime\src\coreclr\nativeaot\Runtime\eventpipe\ep-rt-aot.h(1553): error C2065: 'element': undeclared identifier
  C:\Work\Core\CurrentWork3\runtime\src\coreclr\nativeaot\Runtime\eventpipe\ep-rt-aot.h(1554): error C2065: 'element': undeclared identifier
  C:\Work\Core\CurrentWork3\runtime\src\coreclr\nativeaot\Runtime\eventpipe\ep-rt-aot.h(1557): error C2065: 'element': undeclared identifier
  C:\Work\Core\CurrentWork3\runtime\src\coreclr\nativeaot\Runtime\eventpipe\ep-rt-aot.h(1557): error C2065: 'provider_list': undeclared identifier
  C:\Work\Core\CurrentWork3\runtime\src\coreclr\nativeaot\Runtime\eventpipe\ep-rt-aot.h(1557): error C2065: 'element': undeclared identifier
  C:\Work\Core\CurrentWork3\runtime\src\coreclr\nativeaot\Runtime\eventpipe\ep-rt-types-aot.h(55): error C2039: 'array_type_t': is not a member of '_rt_aot_array_internal_t<EventPipeProviderConfiguration>'
  C:\Work\Core\CurrentWork3\runtime\src\coreclr\nativeaot\Runtime\eventpipe\ep-rt-types-aot.h(202): note: see declaration of '_rt_aot_array_internal_t<EventPipeProviderConfiguration>'
  C:\Work\Core\CurrentWork3\runtime\src\coreclr\nativeaot\Runtime\eventpipe\ep-rt-aot.h(1569): note: see reference to class template instantiation '_rt_aot_array_iterator_internal_t<EventPipeProviderConfiguration>' being compiled
  C:\Work\Core\CurrentWork3\runtime\src\coreclr\nativeaot\Runtime\eventpipe\ep-rt-aot.h(1660): error C2027: use of undefined type 'Iterator'
  C:\Work\Core\CurrentWork3\runtime\src\coreclr\nativeaot\Runtime\eventpipe\ep-rt-types-aot.h(166): note: see declaration of 'Iterator'
  C:\Work\Core\CurrentWork3\runtime\src\coreclr\nativeaot\Runtime\eventpipe\ep-rt-aot.h(1660): error C2079: 'ep_rt_session_provider_list_iterator_begin' uses undefined class 'Iterator'
  C:\Work\Core\CurrentWork3\runtime\src\coreclr\nativeaot\Runtime\eventpipe\ep-rt-aot.h(1660): fatal error C1003: error count exceeds 100; stopping compilation
  [79/1057] Building CXX object nativeaot\Runtime\Full\CMakeFiles\Runtime.ServerGC.dir\__\RuntimeInstance.cpp.obj
  cl : Command line warning D9025 : overriding '/EHa' with '/EHa-'
  cl : Command line warning D9025 : overriding '/GL' with '/GL-'
  [80/1057] Building CXX object nativeaot\Runtime\Full\CMakeFiles\Runtime.ServerGC.dir\__\RWLock.cpp.obj
  cl : Command line warning D9025 : overriding '/EHa' with '/EHa-'
  cl : Command line warning D9025 : overriding '/GL' with '/GL-'
  [81/1057] Building CXX object nativeaot\Runtime\Full\CMakeFiles\Runtime.ServerGC.dir\__\SyncClean.cpp.obj
  cl : Command line warning D9025 : overriding '/EHa' with '/EHa-'
  cl : Command line warning D9025 : overriding '/GL' with '/GL-'
  [82/1057] Building CXX object nativeaot\Runtime\Full\CMakeFiles\Runtime.ServerGC.dir\__\stressLog.cpp.obj
  cl : Command line warning D9025 : overriding '/EHa' with '/EHa-'
  cl : Command line warning D9025 : overriding '/GL' with '/GL-'
  [83/1057] Building CXX object nativeaot\Runtime\Full\CMakeFiles\Runtime.ServerGC.dir\__\threadstore.cpp.obj
  cl : Command line warning D9025 : overriding '/EHa' with '/EHa-'
  cl : Command line warning D9025 : overriding '/GL' with '/GL-'
  [84/1057] Building CXX object nativeaot\Runtime\Full\CMakeFiles\Runtime.ServerGC.dir\__\__\__\gc\gchandletable.cpp.obj
  cl : Command line warning D9025 : overriding '/EHa' with '/EHa-'
  cl : Command line warning D9025 : overriding '/GL' with '/GL-'
  [85/1057] Building CXX object nativeaot\Runtime\Full\CMakeFiles\Runtime.ServerGC.dir\__\thread.cpp.obj
  cl : Command line warning D9025 : overriding '/EHa' with '/EHa-'
  cl : Command line warning D9025 : overriding '/GL' with '/GL-'
  [86/1057] Building CXX object nativeaot\Runtime\Full\CMakeFiles\Runtime.ServerGC.dir\__\yieldprocessornormalized.cpp.obj
  cl : Command line warning D9025 : overriding '/EHa' with '/EHa-'
  cl : Command line warning D9025 : overriding '/GL' with '/GL-'
  [87/1057] Building CXX object nativeaot\Runtime\Full\CMakeFiles\Runtime.ServerGC.dir\__\__\__\gc\gccommon.cpp.obj
  cl : Command line warning D9025 : overriding '/EHa' with '/EHa-'
  cl : Command line warning D9025 : overriding '/GL' with '/GL-'
  [88/1057] Building CXX object nativeaot\Runtime\Full\CMakeFiles\Runtime.ServerGC.dir\__\__\__\gc\gcload.cpp.obj
  cl : Command line warning D9025 : overriding '/EHa' with '/EHa-'
  cl : Command line warning D9025 : overriding '/GL' with '/GL-'
  [89/1057] Building CXX object nativeaot\Runtime\Full\CMakeFiles\Runtime.ServerGC.dir\__\__\__\gc\gceewks.cpp.obj
  cl : Command line warning D9025 : overriding '/EHa' with '/EHa-'
  cl : Command line warning D9025 : overriding '/GL' with '/GL-'
  [90/1057] Building CXX object nativeaot\Runtime\Full\CMakeFiles\Runtime.ServerGC.dir\__\__\__\gc\gceventstatus.cpp.obj
  cl : Command line warning D9025 : overriding '/EHa' with '/EHa-'
  cl : Command line warning D9025 : overriding '/GL' with '/GL-'
  [91/1057] Building CXX object nativeaot\Runtime\Full\CMakeFiles\Runtime.ServerGC.dir\__\__\__\gc\gcconfig.cpp.obj
  cl : Command line warning D9025 : overriding '/EHa' with '/EHa-'
  cl : Command line warning D9025 : overriding '/GL' with '/GL-'
  [92/1057] Building CXX object nativeaot\Runtime\Full\CMakeFiles\Runtime.ServerGC.dir\__\__\__\gc\handletablecache.cpp.obj
  cl : Command line warning D9025 : overriding '/EHa' with '/EHa-'
  cl : Command line warning D9025 : overriding '/GL' with '/GL-'
  [93/1057] Building CXX object nativeaot\Runtime\Full\CMakeFiles\Runtime.ServerGC.dir\__\__\__\gc\handletablecore.cpp.obj
  cl : Command line warning D9025 : overriding '/EHa' with '/EHa-'
  cl : Command line warning D9025 : overriding '/GL' with '/GL-'
  [94/1057] Building CXX object nativeaot\Runtime\Full\CMakeFiles\Runtime.ServerGC.dir\__\__\__\gc\softwarewritewatch.cpp.obj
  cl : Command line warning D9025 : overriding '/EHa' with '/EHa-'
  cl : Command line warning D9025 : overriding '/GL' with '/GL-'
  [95/1057] Building CXX object nativeaot\Runtime\Full\CMakeFiles\Runtime.ServerGC.dir\__\__\__\gc\handletable.cpp.obj
  cl : Command line warning D9025 : overriding '/EHa' with '/EHa-'
  cl : Command line warning D9025 : overriding '/GL' with '/GL-'
  [96/1057] Building CXX object nativeaot\Runtime\Full\CMakeFiles\Runtime.ServerGC.dir\__\__\__\gc\handletablescan.cpp.obj
  cl : Command line warning D9025 : overriding '/EHa' with '/EHa-'
  cl : Command line warning D9025 : overriding '/GL' with '/GL-'
  [97/1057] Building CXX object nativeaot\Runtime\Full\CMakeFiles\Runtime.ServerGC.dir\__\__\__\gc\gcscan.cpp.obj
  cl : Command line warning D9025 : overriding '/EHa' with '/EHa-'
  cl : Command line warning D9025 : overriding '/GL' with '/GL-'
  [98/1057] Building CXX object nativeaot\Runtime\Full\CMakeFiles\Runtime.ServerGC.dir\__\eventtrace.cpp.obj
  cl : Command line warning D9025 : overriding '/EHa' with '/EHa-'
  cl : Command line warning D9025 : overriding '/GL' with '/GL-'
  [99/1057] Building CXX object nativeaot\Runtime\Full\CMakeFiles\Runtime.ServerGC.dir\__\__\__\gc\gcwks.cpp.obj
  cl : Command line warning D9025 : overriding '/EHa' with '/EHa-'
  cl : Command line warning D9025 : overriding '/GL' with '/GL-'
  ninja: build stopped: subcommand failed.
  BUILD: Error: native component build failed. Refer to the build log files for details.
      "C:\Work\Core\CurrentWork3\runtime\src\coreclr\..\..\artifacts\log\Release\CoreCLR_windows__x64__Release__x64.log"
      "C:\Work\Core\CurrentWork3\runtime\src\coreclr\..\..\artifacts\log\Release\CoreCLR_windows__x64__Release__x64.wrn"
      "C:\Work\Core\CurrentWork3\runtime\src\coreclr\..\..\artifacts\log\Release\CoreCLR_windows__x64__Release__x64.err"
C:\Work\Core\CurrentWork3\runtime\src\coreclr\runtime.proj(61,5): error MSB3073: The command ""C:\Work\Core\CurrentWork3\runtime\src\coreclr\build-runtime.cmd" -x64 -release -os windows -pgodatapath "C:\Users\lakshanf\.nuget\packages\optimization.windows_nt-x64.pgo.coreclr\1.0.0-prerelease.22511.6" -component alljits -component nativeaot" exited with code 1.

Build FAILED.

C:\Work\Core\CurrentWork3\runtime\src\coreclr\runtime.proj(61,5): error MSB3073: The command ""C:\Work\Core\CurrentWork3\runtime\src\coreclr\build-runtime.cmd" -x64 -release -os windows -pgodatapath "C:\Users\lakshanf\.nuget\packages\optimization.windows_nt-x64.pgo.coreclr\1.0.0-prerelease.22511.6" -component alljits -component nativeaot" exited with code 1.
    0 Warning(s)
    1 Error(s)

Time Elapsed 00:00:28.26
Build failed with exit code 1. Check errors above.
Some builds failed:
	Configuration: Release, Architecture: x64
